[09-04-2025][04:12:^ˇ] - Successfully downloaded and extracted starter kit.
[09-04-2025][04:12:\LèU] - Successfully started decryption process with PID 93611.
[09-04-2025][04:12:a}®U] - report.docx - Successfully moved to quarantine directory.
[09-04-2025][04:12:a}®U] - cm9vdGtpdF9oaWRkZW4uc3lzCg== - Successfully moved to quarantine directory.
[09-04-2025][04:12:a}®U] - cGhpc2hpbmdfdG9vbC5qYXIK - Successfully moved to quarantine directory.
[09-04-2025][04:12:a}®U] - summary.txt - Successfully moved to quarantine directory.
[09-04-2025][04:12:a}®U] - budget.xlsx - Successfully moved to quarantine directory.
[09-04-2025][04:12:a}®U] - a2V5bG9nZ2VyLmRsbA== - Successfully moved to quarantine directory.
[09-04-2025][04:12:a}®U] - schedule.ics - Successfully moved to quarantine directory.
[09-04-2025][04:12:a}®U] - research_data.csv - Successfully moved to quarantine directory.
[09-04-2025][04:12:a}®U] - ZXhwbG9pdF9jb2RlLmpz - Successfully moved to quarantine directory.
[09-04-2025][04:12:a}®U] - dHJvamFuLmV4ZQo= - Successfully moved to quarantine directory.
[09-04-2025][04:12:a}®U] - data_analysis.xlsx - Successfully moved to quarantine directory.
[09-04-2025][04:12:a}®U] - references.docx - Successfully moved to quarantine directory.
[09-04-2025][04:12:a}®U] - project_plan.docx - Successfully moved to quarantine directory.
[09-04-2025][04:12:a}®U] - notes.txt - Successfully moved to quarantine directory.
[09-04-2025][04:12:a}®U] - bWFsaWNpb3VzX3BheWxvYWQuYmluCg== - Successfully moved to quarantine directory.
[09-04-2025][04:12:a}®U] - draft_paper.docx - Successfully moved to quarantine directory.
[09-04-2025][04:12:a}®U] - d29ybV9zcHJlYWQucHkK - Successfully moved to quarantine directory.
[09-04-2025][04:12:a}®U] - design_sketch.psd - Successfully moved to quarantine directory.
[09-04-2025][04:12:a}®U] - meeting_minutes.pdf - Successfully moved to quarantine directory.
[09-04-2025][04:12:a}®U] - YmFja2Rvb3JfYWNjZXNzLnZicw== - Successfully moved to quarantine directory.
[09-04-2025][04:12:a}®U] - instructions.pdf - Successfully moved to quarantine directory.
[09-04-2025][04:12:a}®U] - cGFzc3dvcmRfc3RlYWxlci5leGUK - Successfully moved to quarantine directory.
[09-04-2025][04:12:a}®U] - cmFuc29td2FyZV9zY3JpcHQuYmF0Cg== - Successfully moved to quarantine directory.
[09-04-2025][04:12:a}®U] - presentation.pptx - Successfully moved to quarantine directory.
[09-04-2025][04:12:a}®U] - assignment.pdf - Successfully moved to quarantine directory.
[09-04-2025][04:12:7$[U] - report.docx - Successfully deleted.
[09-04-2025][04:12:7$[U] - cm9vdGtpdF9oaWRkZW4uc3lzCg== - Successfully deleted.
[09-04-2025][04:12:7$[U] - cGhpc2hpbmdfdG9vbC5qYXIK - Successfully deleted.
[09-04-2025][04:12:7$[U] - summary.txt - Successfully deleted.
[09-04-2025][04:12:7$[U] - budget.xlsx - Successfully deleted.
[09-04-2025][04:12:7$[U] - a2V5bG9nZ2VyLmRsbA== - Successfully deleted.
[09-04-2025][04:12:7$[U] - schedule.ics - Successfully deleted.
[09-04-2025][04:12:7$[U] - research_data.csv - Successfully deleted.
[09-04-2025][04:12:7$[U] - ZXhwbG9pdF9jb2RlLmpz - Successfully deleted.
[09-04-2025][04:12:7$[U] - dHJvamFuLmV4ZQo= - Successfully deleted.
[09-04-2025][04:12:7$[U] - data_analysis.xlsx - Successfully deleted.
[09-04-2025][04:12:7$[U] - references.docx - Successfully deleted.
[09-04-2025][04:12:7$[U] - project_plan.docx - Successfully deleted.
[09-04-2025][04:12:7$[U] - notes.txt - Successfully deleted.
[09-04-2025][04:12:7$[U] - bWFsaWNpb3VzX3BheWxvYWQuYmluCg== - Successfully deleted.
[09-04-2025][04:12:7$[U] - draft_paper.docx - Successfully deleted.
[09-04-2025][04:12:7$[U] - d29ybV9zcHJlYWQucHkK - Successfully deleted.
[09-04-2025][04:12:7$[U] - design_sketch.psd - Successfully deleted.
[09-04-2025][04:12:7$[U] - meeting_minutes.pdf - Successfully deleted.
[09-04-2025][04:12:7$[U] - YmFja2Rvb3JfYWNjZXNzLnZicw== - Successfully deleted.
[09-04-2025][04:12:7$[U] - instructions.pdf - Successfully deleted.
[09-04-2025][04:12:7$[U] - cGFzc3dvcmRfc3RlYWxlci5leGUK - Successfully deleted.
[09-04-2025][04:12:7$[U] - cmFuc29td2FyZV9zY3JpcHQuYmF0Cg== - Successfully deleted.
[09-04-2025][04:12:7$[U] - presentation.pptx - Successfully deleted.
[09-04-2025][04:12:7$[U] - assignment.pdf - Successfully deleted.
[09-04-2025][04:13:] - Successfully shut off decryption process with PID 93611.
